

Started GET "/" for 192.168.2.20 at 2015-08-13 18:40:48 -0400

ActiveRecord::PendingMigrationError (

Migrations are pending. To resolve this issue, run:

	bin/rake db:migrate RAILS_ENV=development

):
  activerecord (4.1.0) lib/active_record/migration.rb:389:in `check_pending!'
  activerecord (4.1.0) lib/active_record/migration.rb:377:in `call'
  actionpack (4.1.0) lib/action_dispatch/middleware/callbacks.rb:29:in `block in call'
  activesupport (4.1.0) lib/active_support/callbacks.rb:82:in `run_callbacks'
  actionpack (4.1.0) lib/action_dispatch/middleware/callbacks.rb:27:in `call'
  actionpack (4.1.0) lib/action_dispatch/middleware/reloader.rb:73:in `call'
  actionpack (4.1.0) lib/action_dispatch/middleware/remote_ip.rb:76:in `call'
  actionpack (4.1.0) lib/action_dispatch/middleware/debug_exceptions.rb:17:in `call'
  actionpack (4.1.0) lib/action_dispatch/middleware/show_exceptions.rb:30:in `call'
  railties (4.1.0) lib/rails/rack/logger.rb:38:in `call_app'
  railties (4.1.0) lib/rails/rack/logger.rb:20:in `block in call'
  activesupport (4.1.0) lib/active_support/tagged_logging.rb:68:in `block in tagged'
  activesupport (4.1.0) lib/active_support/tagged_logging.rb:26:in `tagged'
  activesupport (4.1.0) lib/active_support/tagged_logging.rb:68:in `tagged'
  railties (4.1.0) lib/rails/rack/logger.rb:20:in `call'
  actionpack (4.1.0) lib/action_dispatch/middleware/request_id.rb:21:in `call'
  rack (1.5.3) lib/rack/methodoverride.rb:21:in `call'
  rack (1.5.3) lib/rack/runtime.rb:17:in `call'
  activesupport (4.1.0) lib/active_support/cache/strategy/local_cache_middleware.rb:26:in `call'
  rack (1.5.3) lib/rack/lock.rb:17:in `call'
  actionpack (4.1.0) lib/action_dispatch/middleware/static.rb:64:in `call'
  rack (1.5.3) lib/rack/sendfile.rb:112:in `call'
  railties (4.1.0) lib/rails/engine.rb:514:in `call'
  railties (4.1.0) lib/rails/application.rb:144:in `call'
  rack (1.5.3) lib/rack/lock.rb:17:in `call'
  rack (1.5.3) lib/rack/content_length.rb:14:in `call'
  rack (1.5.3) lib/rack/handler/webrick.rb:60:in `service'
  /usr/local/lib/ruby/2.1.0/webrick/httpserver.rb:138:in `service'
  /usr/local/lib/ruby/2.1.0/webrick/httpserver.rb:94:in `run'
  /usr/local/lib/ruby/2.1.0/webrick/server.rb:295:in `block in start_thread'


  Rendered /usr/local/lib/ruby/gems/2.1.0/gems/actionpack-4.1.0/lib/action_dispatch/middleware/templates/rescues/_source.erb (0.5ms)
  Rendered /usr/local/lib/ruby/gems/2.1.0/gems/actionpack-4.1.0/lib/action_dispatch/middleware/templates/rescues/_trace.html.erb (1.5ms)
  Rendered /usr/local/lib/ruby/gems/2.1.0/gems/actionpack-4.1.0/lib/action_dispatch/middleware/templates/rescues/_request_and_response.html.erb (1.5ms)
  Rendered /usr/local/lib/ruby/gems/2.1.0/gems/actionpack-4.1.0/lib/action_dispatch/middleware/templates/rescues/diagnostics.erb within rescues/layout (18.7ms)
  [1m[36m (26.8ms)[0m  [1mCREATE TABLE "schema_migrations" ("version" varchar(255) NOT NULL) [0m
  [1m[35m (0.1ms)[0m  select sqlite_version(*)
  [1m[36m (10.1ms)[0m  [1mCREATE UNIQUE INDEX "unique_schema_migrations" ON "schema_migrations" ("version")[0m
  [1m[35mActiveRecord::SchemaMigration Load (0.1ms)[0m  SELECT "schema_migrations".* FROM "schema_migrations"
Migrating to CreateArticles (20150610164227)
  [1m[36m (0.1ms)[0m  [1mbegin transaction[0m
  [1m[35m (0.3ms)[0m  CREATE TABLE "articles" ("id" INTEGER PRIMARY KEY AUTOINCREMENT NOT NULL, "title" varchar(255), "text" text, "created_at" datetime, "updated_at" datetime) 
  [1m[36mSQL (0.4ms)[0m  [1mINSERT INTO "schema_migrations" ("version") VALUES (?)[0m  [["version", "20150610164227"]]
  [1m[35m (19.1ms)[0m  commit transaction
Migrating to CreateComments (20150610181226)
  [1m[36m (0.1ms)[0m  [1mbegin transaction[0m
  [1m[35m (0.8ms)[0m  CREATE TABLE "comments" ("id" INTEGER PRIMARY KEY AUTOINCREMENT NOT NULL, "commenter" varchar(255), "body" text, "article_id" integer, "created_at" datetime, "updated_at" datetime) 
  [1m[36m (0.4ms)[0m  [1mCREATE  INDEX "index_comments_on_article_id" ON "comments" ("article_id")[0m
  [1m[35mSQL (0.4ms)[0m  INSERT INTO "schema_migrations" ("version") VALUES (?)  [["version", "20150610181226"]]
  [1m[36m (37.9ms)[0m  [1mcommit transaction[0m
  [1m[35mActiveRecord::SchemaMigration Load (0.2ms)[0m  SELECT "schema_migrations".* FROM "schema_migrations"
  [1m[36m (0.1ms)[0m  [1m            SELECT sql
            FROM sqlite_master
            WHERE name='index_comments_on_article_id' AND type='index'
            UNION ALL
            SELECT sql
            FROM sqlite_temp_master
            WHERE name='index_comments_on_article_id' AND type='index'
[0m


Started GET "/" for 192.168.2.20 at 2015-08-13 18:41:37 -0400
  [1m[36mActiveRecord::SchemaMigration Load (0.2ms)[0m  [1mSELECT "schema_migrations".* FROM "schema_migrations"[0m
Processing by WelcomeController#index as HTML
  Rendered welcome/index.html.erb within layouts/application (1.8ms)
Completed 200 OK in 3261ms (Views: 3241.4ms | ActiveRecord: 0.0ms)


Started GET "/assets/application.css?body=1" for 192.168.2.20 at 2015-08-13 18:41:41 -0400


Started GET "/assets/jquery.js?body=1" for 192.168.2.20 at 2015-08-13 18:41:41 -0400


Started GET "/assets/bootstrap/affix.js?body=1" for 192.168.2.20 at 2015-08-13 18:41:41 -0400


Started GET "/assets/bootstrap/carousel.js?body=1" for 192.168.2.20 at 2015-08-13 18:41:41 -0400


Started GET "/assets/bootstrap/button.js?body=1" for 192.168.2.20 at 2015-08-13 18:41:41 -0400


Started GET "/assets/bootstrap/alert.js?body=1" for 192.168.2.20 at 2015-08-13 18:41:41 -0400


Started GET "/assets/bootstrap/collapse.js?body=1" for 192.168.2.20 at 2015-08-13 18:41:41 -0400


Started GET "/assets/bootstrap/dropdown.js?body=1" for 192.168.2.20 at 2015-08-13 18:41:41 -0400


Started GET "/assets/bootstrap/modal.js?body=1" for 192.168.2.20 at 2015-08-13 18:41:41 -0400


Started GET "/assets/bootstrap/scrollspy.js?body=1" for 192.168.2.20 at 2015-08-13 18:41:41 -0400


Started GET "/assets/bootstrap/tooltip.js?body=1" for 192.168.2.20 at 2015-08-13 18:41:41 -0400


Started GET "/assets/bootstrap/transition.js?body=1" for 192.168.2.20 at 2015-08-13 18:41:41 -0400


Started GET "/assets/bootstrap/tab.js?body=1" for 192.168.2.20 at 2015-08-13 18:41:41 -0400


Started GET "/assets/bootstrap/popover.js?body=1" for 192.168.2.20 at 2015-08-13 18:41:41 -0400


Started GET "/assets/articles.js?body=1" for 192.168.2.20 at 2015-08-13 18:41:41 -0400


Started GET "/assets/jquery_ujs.js?body=1" for 192.168.2.20 at 2015-08-13 18:41:41 -0400


Started GET "/assets/bootstrap-sprockets.js?body=1" for 192.168.2.20 at 2015-08-13 18:41:41 -0400


Started GET "/assets/comments.js?body=1" for 192.168.2.20 at 2015-08-13 18:41:41 -0400


Started GET "/assets/turbolinks.js?body=1" for 192.168.2.20 at 2015-08-13 18:41:41 -0400


Started GET "/assets/welcome.js?body=1" for 192.168.2.20 at 2015-08-13 18:41:41 -0400


Started GET "/assets/application.js?body=1" for 192.168.2.20 at 2015-08-13 18:41:41 -0400


Started GET "/articles" for 192.168.2.20 at 2015-08-13 18:41:46 -0400
Processing by ArticlesController#index as HTML
  [1m[35mArticle Load (0.2ms)[0m  SELECT "articles".* FROM "articles"
  Rendered articles/index.html.erb within layouts/application (2.6ms)
Completed 200 OK in 103ms (Views: 96.7ms | ActiveRecord: 0.2ms)


Started GET "/articles/new" for 192.168.2.20 at 2015-08-13 18:41:49 -0400
Processing by ArticlesController#new as HTML
Filter chain halted as #<Proc:0x007f9c09136850@/usr/local/lib/ruby/gems/2.1.0/gems/actionpack-4.1.0/lib/action_controller/metal/http_authentication.rb:71> rendered or redirected
Completed 401 Unauthorized in 1ms (ActiveRecord: 0.0ms)


Started GET "/" for 192.168.2.20 at 2015-08-13 18:51:30 -0400
  [1m[36mActiveRecord::SchemaMigration Load (0.1ms)[0m  [1mSELECT "schema_migrations".* FROM "schema_migrations"[0m

LoadError (Unable to autoload constant HomeController, expected /home/epotocko/grapple-demo/app/controllers/home_controller.rb to define it):
  activesupport (4.1.0) lib/active_support/dependencies.rb:481:in `load_missing_constant'
  activesupport (4.1.0) lib/active_support/dependencies.rb:180:in `const_missing'
  activesupport (4.1.0) lib/active_support/inflector/methods.rb:238:in `const_get'
  activesupport (4.1.0) lib/active_support/inflector/methods.rb:238:in `block in constantize'
  activesupport (4.1.0) lib/active_support/inflector/methods.rb:236:in `each'
  activesupport (4.1.0) lib/active_support/inflector/methods.rb:236:in `inject'
  activesupport (4.1.0) lib/active_support/inflector/methods.rb:236:in `constantize'
  activesupport (4.1.0) lib/active_support/dependencies.rb:552:in `get'
  activesupport (4.1.0) lib/active_support/dependencies.rb:583:in `constantize'
  actionpack (4.1.0) lib/action_dispatch/routing/route_set.rb:76:in `controller_reference'
  actionpack (4.1.0) lib/action_dispatch/routing/route_set.rb:66:in `controller'
  actionpack (4.1.0) lib/action_dispatch/routing/route_set.rb:44:in `call'
  actionpack (4.1.0) lib/action_dispatch/journey/router.rb:71:in `block in call'
  actionpack (4.1.0) lib/action_dispatch/journey/router.rb:59:in `each'
  actionpack (4.1.0) lib/action_dispatch/journey/router.rb:59:in `call'
  actionpack (4.1.0) lib/action_dispatch/routing/route_set.rb:676:in `call'
  rack (1.5.3) lib/rack/etag.rb:23:in `call'
  rack (1.5.3) lib/rack/conditionalget.rb:25:in `call'
  rack (1.5.3) lib/rack/head.rb:11:in `call'
  actionpack (4.1.0) lib/action_dispatch/middleware/params_parser.rb:27:in `call'
  actionpack (4.1.0) lib/action_dispatch/middleware/flash.rb:254:in `call'
  rack (1.5.3) lib/rack/session/abstract/id.rb:225:in `context'
  rack (1.5.3) lib/rack/session/abstract/id.rb:220:in `call'
  actionpack (4.1.0) lib/action_dispatch/middleware/cookies.rb:560:in `call'
  activerecord (4.1.0) lib/active_record/query_cache.rb:36:in `call'
  activerecord (4.1.0) lib/active_record/connection_adapters/abstract/connection_pool.rb:621:in `call'
  activerecord (4.1.0) lib/active_record/migration.rb:380:in `call'
  actionpack (4.1.0) lib/action_dispatch/middleware/callbacks.rb:29:in `block in call'
  activesupport (4.1.0) lib/active_support/callbacks.rb:82:in `run_callbacks'
  actionpack (4.1.0) lib/action_dispatch/middleware/callbacks.rb:27:in `call'
  actionpack (4.1.0) lib/action_dispatch/middleware/reloader.rb:73:in `call'
  actionpack (4.1.0) lib/action_dispatch/middleware/remote_ip.rb:76:in `call'
  actionpack (4.1.0) lib/action_dispatch/middleware/debug_exceptions.rb:17:in `call'
  actionpack (4.1.0) lib/action_dispatch/middleware/show_exceptions.rb:30:in `call'
  railties (4.1.0) lib/rails/rack/logger.rb:38:in `call_app'
  railties (4.1.0) lib/rails/rack/logger.rb:20:in `block in call'
  activesupport (4.1.0) lib/active_support/tagged_logging.rb:68:in `block in tagged'
  activesupport (4.1.0) lib/active_support/tagged_logging.rb:26:in `tagged'
  activesupport (4.1.0) lib/active_support/tagged_logging.rb:68:in `tagged'
  railties (4.1.0) lib/rails/rack/logger.rb:20:in `call'
  actionpack (4.1.0) lib/action_dispatch/middleware/request_id.rb:21:in `call'
  rack (1.5.3) lib/rack/methodoverride.rb:21:in `call'
  rack (1.5.3) lib/rack/runtime.rb:17:in `call'
  activesupport (4.1.0) lib/active_support/cache/strategy/local_cache_middleware.rb:26:in `call'
  rack (1.5.3) lib/rack/lock.rb:17:in `call'
  actionpack (4.1.0) lib/action_dispatch/middleware/static.rb:64:in `call'
  rack (1.5.3) lib/rack/sendfile.rb:112:in `call'
  railties (4.1.0) lib/rails/engine.rb:514:in `call'
  railties (4.1.0) lib/rails/application.rb:144:in `call'
  rack (1.5.3) lib/rack/lock.rb:17:in `call'
  rack (1.5.3) lib/rack/content_length.rb:14:in `call'
  rack (1.5.3) lib/rack/handler/webrick.rb:60:in `service'
  /usr/local/lib/ruby/2.1.0/webrick/httpserver.rb:138:in `service'
  /usr/local/lib/ruby/2.1.0/webrick/httpserver.rb:94:in `run'
  /usr/local/lib/ruby/2.1.0/webrick/server.rb:295:in `block in start_thread'


  Rendered /usr/local/lib/ruby/gems/2.1.0/gems/actionpack-4.1.0/lib/action_dispatch/middleware/templates/rescues/_source.erb (0.2ms)
  Rendered /usr/local/lib/ruby/gems/2.1.0/gems/actionpack-4.1.0/lib/action_dispatch/middleware/templates/rescues/_trace.html.erb (1.2ms)
  Rendered /usr/local/lib/ruby/gems/2.1.0/gems/actionpack-4.1.0/lib/action_dispatch/middleware/templates/rescues/_request_and_response.html.erb (19.0ms)
  Rendered /usr/local/lib/ruby/gems/2.1.0/gems/actionpack-4.1.0/lib/action_dispatch/middleware/templates/rescues/diagnostics.erb within rescues/layout (32.3ms)


Started GET "/" for 192.168.2.20 at 2015-08-13 18:51:52 -0400
Processing by HomeController#index as HTML
  Rendered home/index.html.erb within layouts/application (0.7ms)
Completed 500 Internal Server Error in 34ms

ActionView::Template::Error (couldn't find file 'bootstrap-sprockets'
  (in /home/epotocko/grapple-demo/app/assets/javascripts/application.js:14)):
    3: <head>
    4:   <title>Grapple Demos</title>
    5:   <%= stylesheet_link_tag    'application', media: 'all', 'data-turbolinks-track' => true %>
    6:   <%= javascript_include_tag 'application', 'data-turbolinks-track' => true %>
    7: 	<%= yield(:page_head) %>
    8:   <%= csrf_meta_tags %>
    9: </head>
  app/views/layouts/application.html.erb:6:in `_app_views_layouts_application_html_erb___2377652555891190312_70225186050320'


  Rendered /usr/local/lib/ruby/gems/2.1.0/gems/actionpack-4.1.0/lib/action_dispatch/middleware/templates/rescues/_trace.html.erb (1.4ms)
  Rendered /usr/local/lib/ruby/gems/2.1.0/gems/actionpack-4.1.0/lib/action_dispatch/middleware/templates/rescues/_request_and_response.html.erb (0.5ms)
  Rendered /usr/local/lib/ruby/gems/2.1.0/gems/actionpack-4.1.0/lib/action_dispatch/middleware/templates/rescues/template_error.html.erb within rescues/layout (9.6ms)


Started GET "/" for 192.168.2.20 at 2015-08-13 18:54:11 -0400
Processing by HomeController#index as HTML
  Rendered home/index.html.erb within layouts/application (1.2ms)
Completed 200 OK in 58ms (Views: 57.1ms | ActiveRecord: 0.0ms)


Started GET "/assets/application.css?body=1" for 192.168.2.20 at 2015-08-13 18:54:12 -0400


Started GET "/assets/application.js?body=1" for 192.168.2.20 at 2015-08-13 18:54:12 -0400


Started GET "/assets/turbolinks.js?body=1" for 192.168.2.20 at 2015-08-13 18:54:12 -0400


Started GET "/assets/jquery_ujs.js?body=1" for 192.168.2.20 at 2015-08-13 18:54:12 -0400


Started GET "/assets/jquery.js?body=1" for 192.168.2.20 at 2015-08-13 18:54:12 -0400


Started GET "/articles" for 192.168.2.20 at 2015-08-13 18:54:19 -0400
Processing by ArticlesController#index as HTML
  [1m[35mArticle Load (0.3ms)[0m  SELECT "articles".* FROM "articles"
  Rendered articles/index.html.erb within layouts/application (1.8ms)
Completed 200 OK in 37ms (Views: 32.5ms | ActiveRecord: 0.3ms)


Started GET "/articles" for 192.168.2.20 at 2015-08-13 18:58:31 -0400
Processing by ArticlesController#index as HTML
  [1m[36mArticle Load (0.3ms)[0m  [1mSELECT "articles".* FROM "articles"[0m
  Rendered articles/index.html.erb within layouts/application (3.5ms)
Completed 200 OK in 46ms (Views: 44.8ms | ActiveRecord: 0.3ms)


Started GET "/assets/application.css?body=1" for 192.168.2.20 at 2015-08-13 18:58:31 -0400


Started GET "/assets/turbolinks.js?body=1" for 192.168.2.20 at 2015-08-13 18:58:31 -0400


Started GET "/assets/jquery_ujs.js?body=1" for 192.168.2.20 at 2015-08-13 18:58:31 -0400


Started GET "/assets/jquery.js?body=1" for 192.168.2.20 at 2015-08-13 18:58:31 -0400


Started GET "/assets/application.js?body=1" for 192.168.2.20 at 2015-08-13 18:58:31 -0400


Started GET "/articles" for 192.168.2.20 at 2015-08-13 18:59:38 -0400
Processing by ArticlesController#index as HTML
  [1m[35mArticle Load (0.2ms)[0m  SELECT "articles".* FROM "articles"
  Rendered articles/_table.html.erb (34.7ms)
  Rendered articles/index.html.erb within layouts/application (39.3ms)
Completed 500 Internal Server Error in 41ms

ActionView::Template::Error (undefined method `will_paginate' for #<#<Class:0x007fbd26da28f8>:0x007fbd240a9798>):
    12: 	<%= t.header do %>
    13: 		
    14: 	<% end %>
    15: 	<%= t.footer %>
    16: 	<%= t.body do |row| %>
    17: 		<td></td>
    18: 		<td><%= article.title %></td>
  app/views/articles/_table.html.erb:15:in `block in _app_views_articles__table_html_erb__1187380917091655111_70225162073760'
  app/views/articles/_table.html.erb:10:in `_app_views_articles__table_html_erb__1187380917091655111_70225162073760'
  app/views/articles/index.html.erb:2:in `block in _app_views_articles_index_html_erb__2553558574009068771_70225164873240'
  app/views/articles/index.html.erb:1:in `_app_views_articles_index_html_erb__2553558574009068771_70225164873240'


  Rendered /usr/local/lib/ruby/gems/2.1.0/gems/actionpack-4.1.0/lib/action_dispatch/middleware/templates/rescues/_trace.html.erb (1.3ms)
  Rendered /usr/local/lib/ruby/gems/2.1.0/gems/actionpack-4.1.0/lib/action_dispatch/middleware/templates/rescues/_request_and_response.html.erb (1.4ms)
  Rendered /usr/local/lib/ruby/gems/2.1.0/gems/actionpack-4.1.0/lib/action_dispatch/middleware/templates/rescues/template_error.html.erb within rescues/layout (10.2ms)


Started GET "/articles" for 192.168.2.20 at 2015-08-13 19:00:54 -0400
  [1m[36mActiveRecord::SchemaMigration Load (0.1ms)[0m  [1mSELECT "schema_migrations".* FROM "schema_migrations"[0m
Processing by ArticlesController#index as HTML
  [1m[35mArticle Load (0.2ms)[0m  SELECT "articles".* FROM "articles"
  Rendered articles/_table.html.erb (4.0ms)
  Rendered articles/index.html.erb within layouts/application (8.3ms)
Completed 500 Internal Server Error in 35ms

ActionView::Template::Error (undefined method `total_pages' for #<ActiveRecord::Relation []>):
    12: 	<%= t.header do %>
    13: 		
    14: 	<% end %>
    15: 	<%= t.footer %>
    16: 	<%= t.body do |row| %>
    17: 		<td></td>
    18: 		<td><%= article.title %></td>
  app/views/articles/_table.html.erb:15:in `block in _app_views_articles__table_html_erb___2791617629046813461_70016396527960'
  app/views/articles/_table.html.erb:10:in `_app_views_articles__table_html_erb___2791617629046813461_70016396527960'
  app/views/articles/index.html.erb:2:in `block in _app_views_articles_index_html_erb__3316230980864694403_70016396616760'
  app/views/articles/index.html.erb:1:in `_app_views_articles_index_html_erb__3316230980864694403_70016396616760'


  Rendered /usr/local/lib/ruby/gems/2.1.0/gems/actionpack-4.1.0/lib/action_dispatch/middleware/templates/rescues/_trace.html.erb (1.7ms)
  Rendered /usr/local/lib/ruby/gems/2.1.0/gems/actionpack-4.1.0/lib/action_dispatch/middleware/templates/rescues/_request_and_response.html.erb (1.8ms)
  Rendered /usr/local/lib/ruby/gems/2.1.0/gems/actionpack-4.1.0/lib/action_dispatch/middleware/templates/rescues/template_error.html.erb within rescues/layout (11.9ms)


Started GET "/articles" for 192.168.2.20 at 2015-08-13 19:01:33 -0400
Processing by ArticlesController#index as HTML
  [1m[36m (0.1ms)[0m  [1mSELECT COUNT(*) FROM "articles"[0m
  [1m[35mArticle Load (0.1ms)[0m  SELECT  "articles".* FROM "articles"  LIMIT 10 OFFSET 0
  Rendered articles/_table.html.erb (5.8ms)
  Rendered articles/index.html.erb within layouts/application (6.7ms)
Completed 200 OK in 70ms (Views: 64.1ms | ActiveRecord: 0.8ms)


Started GET "/assets/application.css?body=1" for 192.168.2.20 at 2015-08-13 19:01:34 -0400


Started GET "/assets/application.js?body=1" for 192.168.2.20 at 2015-08-13 19:01:34 -0400


Started GET "/assets/jquery_ujs.js?body=1" for 192.168.2.20 at 2015-08-13 19:01:34 -0400


Started GET "/assets/turbolinks.js?body=1" for 192.168.2.20 at 2015-08-13 19:01:34 -0400


Started GET "/assets/jquery.js?body=1" for 192.168.2.20 at 2015-08-13 19:01:34 -0400


Started GET "/articles/new" for 192.168.2.20 at 2015-08-13 19:01:41 -0400
Processing by ArticlesController#new as HTML
  Rendered articles/_form.html.erb (21.0ms)
  Rendered articles/new.html.erb within layouts/application (23.1ms)
Completed 200 OK in 52ms (Views: 51.5ms | ActiveRecord: 0.0ms)


Started POST "/articles" for 192.168.2.20 at 2015-08-13 19:01:53 -0400
Processing by ArticlesController#create as HTML
  Parameters: {"utf8"=>"✓", "authenticity_token"=>"qYJsJIMQGgNnhdQOEP0yp+tspjKBuwo0Jy1vlfCKkzM=", "article"=>{"title"=>"This is a test", "text"=>"testing"}, "commit"=>"Create Article"}
  [1m[36m (0.1ms)[0m  [1mbegin transaction[0m
  [1m[35mSQL (0.4ms)[0m  INSERT INTO "articles" ("created_at", "text", "title", "updated_at") VALUES (?, ?, ?, ?)  [["created_at", "2015-08-13 23:01:53.888231"], ["text", "testing"], ["title", "This is a test"], ["updated_at", "2015-08-13 23:01:53.888231"]]
  [1m[36m (16.4ms)[0m  [1mcommit transaction[0m
Redirected to http://eddievm2:3000/articles/1
Completed 302 Found in 24ms (ActiveRecord: 16.9ms)


Started GET "/articles/1" for 192.168.2.20 at 2015-08-13 19:01:54 -0400
Processing by ArticlesController#show as HTML
  Parameters: {"id"=>"1"}
  [1m[35mArticle Load (0.2ms)[0m  SELECT  "articles".* FROM "articles"  WHERE "articles"."id" = ? LIMIT 1  [["id", 1]]
  [1m[36mComment Load (0.1ms)[0m  [1mSELECT "comments".* FROM "comments"  WHERE "comments"."article_id" = ?[0m  [["article_id", 1]]
  Rendered collection (0.0ms)
  Rendered comments/_form.html.erb (10.7ms)
  Rendered articles/show.html.erb within layouts/application (27.1ms)
Completed 200 OK in 59ms (Views: 55.3ms | ActiveRecord: 1.3ms)


Started GET "/assets/jquery.js?body=1" for 192.168.2.20 at 2015-08-13 19:01:54 -0400


Started GET "/assets/application.js?body=1" for 192.168.2.20 at 2015-08-13 19:01:54 -0400


Started GET "/assets/turbolinks.js?body=1" for 192.168.2.20 at 2015-08-13 19:01:54 -0400


Started GET "/assets/jquery_ujs.js?body=1" for 192.168.2.20 at 2015-08-13 19:01:54 -0400


Started GET "/assets/application.css?body=1" for 192.168.2.20 at 2015-08-13 19:01:54 -0400


Started GET "/articles/1" for 192.168.2.20 at 2015-08-13 19:02:51 -0400
Processing by ArticlesController#show as HTML
  Parameters: {"id"=>"1"}
  [1m[35mArticle Load (0.2ms)[0m  SELECT  "articles".* FROM "articles"  WHERE "articles"."id" = ? LIMIT 1  [["id", 1]]
  [1m[36mComment Load (0.3ms)[0m  [1mSELECT "comments".* FROM "comments"  WHERE "comments"."article_id" = ?[0m  [["article_id", 1]]
  Rendered collection (0.0ms)
  Rendered comments/_form.html.erb (4.2ms)
  Rendered articles/show.html.erb within layouts/application (10.7ms)
Completed 200 OK in 91ms (Views: 86.7ms | ActiveRecord: 0.5ms)


Started GET "/assets/grapple.css?body=1" for 192.168.2.20 at 2015-08-13 19:02:52 -0400


Started GET "/assets/application.css?body=1" for 192.168.2.20 at 2015-08-13 19:02:52 -0400


Started GET "/assets/jquery.js?body=1" for 192.168.2.20 at 2015-08-13 19:02:52 -0400


Started GET "/assets/application.js?body=1" for 192.168.2.20 at 2015-08-13 19:02:52 -0400


Started GET "/assets/turbolinks.js?body=1" for 192.168.2.20 at 2015-08-13 19:02:52 -0400


Started GET "/assets/jquery_ujs.js?body=1" for 192.168.2.20 at 2015-08-13 19:02:52 -0400


Started GET "/articles/1" for 192.168.2.20 at 2015-08-13 19:03:37 -0400
Processing by ArticlesController#show as HTML
  Parameters: {"id"=>"1"}
  [1m[35mArticle Load (0.2ms)[0m  SELECT  "articles".* FROM "articles"  WHERE "articles"."id" = ? LIMIT 1  [["id", 1]]
  [1m[36mComment Load (0.1ms)[0m  [1mSELECT "comments".* FROM "comments"  WHERE "comments"."article_id" = ?[0m  [["article_id", 1]]
  Rendered collection (0.0ms)
  Rendered comments/_form.html.erb (2.5ms)
  Rendered articles/show.html.erb within layouts/application (4.9ms)
Completed 200 OK in 50ms (Views: 48.4ms | ActiveRecord: 0.2ms)


Started GET "/assets/application.css?body=1" for 192.168.2.20 at 2015-08-13 19:03:37 -0400


Started GET "/assets/grapple.css?body=1" for 192.168.2.20 at 2015-08-13 19:03:37 -0400


Started GET "/assets/application.js?body=1" for 192.168.2.20 at 2015-08-13 19:03:37 -0400


Started GET "/assets/turbolinks.js?body=1" for 192.168.2.20 at 2015-08-13 19:03:37 -0400


Started GET "/assets/jquery_ujs.js?body=1" for 192.168.2.20 at 2015-08-13 19:03:37 -0400


Started GET "/assets/jquery.js?body=1" for 192.168.2.20 at 2015-08-13 19:03:37 -0400


Started GET "/articles/1" for 192.168.2.20 at 2015-08-13 19:04:10 -0400
Processing by ArticlesController#show as HTML
  Parameters: {"id"=>"1"}
  [1m[35mArticle Load (0.1ms)[0m  SELECT  "articles".* FROM "articles"  WHERE "articles"."id" = ? LIMIT 1  [["id", 1]]
  [1m[36mComment Load (0.1ms)[0m  [1mSELECT "comments".* FROM "comments"  WHERE "comments"."article_id" = ?[0m  [["article_id", 1]]
  Rendered collection (0.0ms)
  Rendered comments/_form.html.erb (1.7ms)
  Rendered articles/show.html.erb within layouts/application (4.6ms)
Completed 200 OK in 43ms (Views: 41.2ms | ActiveRecord: 0.2ms)


Started GET "/assets/application.css?body=1" for 192.168.2.20 at 2015-08-13 19:04:10 -0400


Started GET "/assets/application.js?body=1" for 192.168.2.20 at 2015-08-13 19:04:10 -0400


Started GET "/assets/jquery.js?body=1" for 192.168.2.20 at 2015-08-13 19:04:10 -0400


Started GET "/assets/grapple.css?body=1" for 192.168.2.20 at 2015-08-13 19:04:10 -0400


Started GET "/assets/turbolinks.js?body=1" for 192.168.2.20 at 2015-08-13 19:04:10 -0400


Started GET "/assets/jquery_ujs.js?body=1" for 192.168.2.20 at 2015-08-13 19:04:10 -0400


Started GET "/articles" for 192.168.2.20 at 2015-08-13 19:04:14 -0400
Processing by ArticlesController#index as HTML
  [1m[35m (0.3ms)[0m  SELECT COUNT(*) FROM "articles"
  [1m[36mArticle Load (1.0ms)[0m  [1mSELECT  "articles".* FROM "articles"  LIMIT 10 OFFSET 0[0m
  Rendered articles/_table.html.erb (27.0ms)
  Rendered articles/index.html.erb within layouts/application (30.0ms)
Completed 500 Internal Server Error in 35ms

ActionView::Template::Error (undefined local variable or method `article' for #<#<Class:0x007f5bebef5f58>:0x007f5bed1809c0>):
    15: 	<%= t.footer %>
    16: 	<%= t.body do |row| %>
    17: 		<td></td>
    18: 		<td><%= article.title %></td>
    19: 		<td></td>
    20: 		<td></td>
    21: 	<% end %>
  app/views/articles/_table.html.erb:18:in `block (2 levels) in _app_views_articles__table_html_erb___2791617629046813461_70016396232160'
  app/views/articles/_table.html.erb:16:in `block in _app_views_articles__table_html_erb___2791617629046813461_70016396232160'
  app/views/articles/_table.html.erb:10:in `_app_views_articles__table_html_erb___2791617629046813461_70016396232160'
  app/views/articles/index.html.erb:2:in `block in _app_views_articles_index_html_erb__3316230980864694403_70016401898240'
  app/views/articles/index.html.erb:1:in `_app_views_articles_index_html_erb__3316230980864694403_70016401898240'


  Rendered /usr/local/lib/ruby/gems/2.1.0/gems/actionpack-4.1.0/lib/action_dispatch/middleware/templates/rescues/_trace.html.erb (1.0ms)
  Rendered /usr/local/lib/ruby/gems/2.1.0/gems/actionpack-4.1.0/lib/action_dispatch/middleware/templates/rescues/_request_and_response.html.erb (1.4ms)
  Rendered /usr/local/lib/ruby/gems/2.1.0/gems/actionpack-4.1.0/lib/action_dispatch/middleware/templates/rescues/template_error.html.erb within rescues/layout (10.4ms)


Started GET "/articles" for 192.168.2.20 at 2015-08-13 19:04:14 -0400
Processing by ArticlesController#index as HTML
  [1m[35m (0.2ms)[0m  SELECT COUNT(*) FROM "articles"
  [1m[36mArticle Load (0.1ms)[0m  [1mSELECT  "articles".* FROM "articles"  LIMIT 10 OFFSET 0[0m
  Rendered articles/_table.html.erb (15.9ms)
  Rendered articles/index.html.erb within layouts/application (16.9ms)
Completed 500 Internal Server Error in 19ms

ActionView::Template::Error (undefined local variable or method `article' for #<#<Class:0x007f5bebef5f58>:0x007f5bd40962d0>):
    15: 	<%= t.footer %>
    16: 	<%= t.body do |row| %>
    17: 		<td></td>
    18: 		<td><%= article.title %></td>
    19: 		<td></td>
    20: 		<td></td>
    21: 	<% end %>
  app/views/articles/_table.html.erb:18:in `block (2 levels) in _app_views_articles__table_html_erb___2791617629046813461_70016188049360'
  app/views/articles/_table.html.erb:16:in `block in _app_views_articles__table_html_erb___2791617629046813461_70016188049360'
  app/views/articles/_table.html.erb:10:in `_app_views_articles__table_html_erb___2791617629046813461_70016188049360'
  app/views/articles/index.html.erb:2:in `block in _app_views_articles_index_html_erb__3316230980864694403_70016396616760'
  app/views/articles/index.html.erb:1:in `_app_views_articles_index_html_erb__3316230980864694403_70016396616760'


  Rendered /usr/local/lib/ruby/gems/2.1.0/gems/actionpack-4.1.0/lib/action_dispatch/middleware/templates/rescues/_trace.html.erb (1.9ms)
  Rendered /usr/local/lib/ruby/gems/2.1.0/gems/actionpack-4.1.0/lib/action_dispatch/middleware/templates/rescues/_request_and_response.html.erb (1.1ms)
  Rendered /usr/local/lib/ruby/gems/2.1.0/gems/actionpack-4.1.0/lib/action_dispatch/middleware/templates/rescues/template_error.html.erb within rescues/layout (11.2ms)


Started GET "/articles" for 192.168.2.20 at 2015-08-13 19:04:26 -0400
Processing by ArticlesController#index as HTML
  [1m[35m (0.1ms)[0m  SELECT COUNT(*) FROM "articles"
  [1m[36mArticle Load (0.2ms)[0m  [1mSELECT  "articles".* FROM "articles"  LIMIT 10 OFFSET 0[0m
  Rendered articles/_table.html.erb (3.8ms)
  Rendered articles/index.html.erb within layouts/application (4.8ms)
Completed 200 OK in 39ms (Views: 37.8ms | ActiveRecord: 0.3ms)


Started GET "/assets/grapple.css?body=1" for 192.168.2.20 at 2015-08-13 19:04:26 -0400


Started GET "/assets/turbolinks.js?body=1" for 192.168.2.20 at 2015-08-13 19:04:26 -0400


Started GET "/assets/application.js?body=1" for 192.168.2.20 at 2015-08-13 19:04:26 -0400


Started GET "/assets/jquery_ujs.js?body=1" for 192.168.2.20 at 2015-08-13 19:04:26 -0400


Started GET "/assets/jquery.js?body=1" for 192.168.2.20 at 2015-08-13 19:04:26 -0400


Started GET "/assets/application.css?body=1" for 192.168.2.20 at 2015-08-13 19:04:26 -0400


Started GET "/articles" for 192.168.2.20 at 2015-08-13 19:04:46 -0400
Processing by ArticlesController#index as HTML
  [1m[35m (0.2ms)[0m  SELECT COUNT(*) FROM "articles"
  [1m[36mArticle Load (0.3ms)[0m  [1mSELECT  "articles".* FROM "articles"  LIMIT 10 OFFSET 0[0m
  Rendered articles/_table.html.erb (6.5ms)
  Rendered articles/index.html.erb within layouts/application (7.4ms)
Completed 200 OK in 52ms (Views: 49.4ms | ActiveRecord: 0.4ms)


Started GET "/assets/grapple.css?body=1" for 192.168.2.20 at 2015-08-13 19:04:46 -0400


Started GET "/assets/jquery.js?body=1" for 192.168.2.20 at 2015-08-13 19:04:46 -0400


Started GET "/assets/jquery_ujs.js?body=1" for 192.168.2.20 at 2015-08-13 19:04:46 -0400


Started GET "/assets/turbolinks.js?body=1" for 192.168.2.20 at 2015-08-13 19:04:46 -0400


Started GET "/assets/application.js?body=1" for 192.168.2.20 at 2015-08-13 19:04:46 -0400


Started GET "/assets/application.css?body=1" for 192.168.2.20 at 2015-08-13 19:04:46 -0400


Started GET "/articles" for 192.168.2.20 at 2015-08-13 19:06:51 -0400
Processing by ArticlesController#index as HTML
  [1m[35m (0.2ms)[0m  SELECT COUNT(*) FROM "articles"
  [1m[36mArticle Load (0.2ms)[0m  [1mSELECT  "articles".* FROM "articles"  LIMIT 10 OFFSET 0[0m
  Rendered articles/_table.html.erb (5.4ms)
  Rendered articles/index.html.erb within layouts/application (6.7ms)
Completed 200 OK in 48ms (Views: 47.2ms | ActiveRecord: 0.4ms)


Started GET "/assets/application.css?body=1" for 192.168.2.20 at 2015-08-13 19:06:51 -0400


Started GET "/assets/jquery.js?body=1" for 192.168.2.20 at 2015-08-13 19:06:51 -0400


Started GET "/assets/application.js?body=1" for 192.168.2.20 at 2015-08-13 19:06:51 -0400


Started GET "/assets/grapple.css?body=1" for 192.168.2.20 at 2015-08-13 19:06:51 -0400


Started GET "/assets/turbolinks.js?body=1" for 192.168.2.20 at 2015-08-13 19:06:51 -0400


Started GET "/assets/jquery_ujs.js?body=1" for 192.168.2.20 at 2015-08-13 19:06:51 -0400


Started GET "/articles" for 192.168.2.20 at 2015-08-13 19:10:21 -0400
Processing by ArticlesController#index as HTML
  [1m[35m (0.2ms)[0m  SELECT COUNT(*) FROM "articles"
  [1m[36mArticle Load (0.1ms)[0m  [1mSELECT  "articles".* FROM "articles"  LIMIT 10 OFFSET 0[0m
  Rendered articles/_table.html.erb (7.2ms)
  Rendered articles/index.html.erb within layouts/application (9.5ms)
Completed 200 OK in 66ms (Views: 63.1ms | ActiveRecord: 0.3ms)


Started GET "/assets/application.css?body=1" for 192.168.2.20 at 2015-08-13 19:10:21 -0400


Started GET "/assets/grapple.css?body=1" for 192.168.2.20 at 2015-08-13 19:10:21 -0400


Started GET "/assets/demo.css?body=1" for 192.168.2.20 at 2015-08-13 19:10:21 -0400


Started GET "/assets/jquery_ujs.js?body=1" for 192.168.2.20 at 2015-08-13 19:10:21 -0400


Started GET "/assets/jquery.js?body=1" for 192.168.2.20 at 2015-08-13 19:10:21 -0400


Started GET "/assets/turbolinks.js?body=1" for 192.168.2.20 at 2015-08-13 19:10:21 -0400


Started GET "/assets/application.js?body=1" for 192.168.2.20 at 2015-08-13 19:10:21 -0400


Started GET "/articles" for 192.168.2.20 at 2015-08-13 19:11:42 -0400
Processing by ArticlesController#index as HTML
  [1m[35m (0.2ms)[0m  SELECT COUNT(*) FROM "articles"
  [1m[36mArticle Load (0.3ms)[0m  [1mSELECT  "articles".* FROM "articles"  LIMIT 10 OFFSET 0[0m
  Rendered articles/_table.html.erb (11.4ms)
  Rendered articles/index.html.erb within layouts/application (12.7ms)
Completed 200 OK in 69ms (Views: 67.6ms | ActiveRecord: 0.5ms)


Started GET "/assets/grapple.css?body=1" for 192.168.2.20 at 2015-08-13 19:11:42 -0400


Started GET "/assets/jquery.js?body=1" for 192.168.2.20 at 2015-08-13 19:11:42 -0400


Started GET "/assets/demo.css?body=1" for 192.168.2.20 at 2015-08-13 19:11:42 -0400


Started GET "/assets/application.css?body=1" for 192.168.2.20 at 2015-08-13 19:11:42 -0400


Started GET "/assets/application.js?body=1" for 192.168.2.20 at 2015-08-13 19:11:42 -0400


Started GET "/assets/turbolinks.js?body=1" for 192.168.2.20 at 2015-08-13 19:11:42 -0400


Started GET "/assets/jquery_ujs.js?body=1" for 192.168.2.20 at 2015-08-13 19:11:42 -0400


Started GET "/articles" for 192.168.2.20 at 2015-08-13 19:12:45 -0400
Processing by ArticlesController#index as HTML
  [1m[35m (0.1ms)[0m  SELECT COUNT(*) FROM "articles"
  [1m[36mArticle Load (0.0ms)[0m  [1mSELECT  "articles".* FROM "articles"  LIMIT 10 OFFSET 0[0m
  Rendered articles/_table.html.erb (4.5ms)
  Rendered articles/index.html.erb within layouts/application (5.3ms)
Completed 200 OK in 60ms (Views: 59.1ms | ActiveRecord: 0.1ms)


Started GET "/assets/application.css?body=1" for 192.168.2.20 at 2015-08-13 19:12:45 -0400


Started GET "/assets/grapple.css?body=1" for 192.168.2.20 at 2015-08-13 19:12:45 -0400


Started GET "/assets/turbolinks.js?body=1" for 192.168.2.20 at 2015-08-13 19:12:45 -0400


Started GET "/assets/jquery_ujs.js?body=1" for 192.168.2.20 at 2015-08-13 19:12:45 -0400


Started GET "/assets/jquery.js?body=1" for 192.168.2.20 at 2015-08-13 19:12:45 -0400


Started GET "/assets/demo.css?body=1" for 192.168.2.20 at 2015-08-13 19:12:45 -0400


Started GET "/assets/application.js?body=1" for 192.168.2.20 at 2015-08-13 19:12:45 -0400


Started GET "/articles" for 192.168.2.20 at 2015-08-13 19:13:00 -0400
Processing by ArticlesController#index as HTML
  [1m[35m (0.1ms)[0m  SELECT COUNT(*) FROM "articles"
  [1m[36mArticle Load (0.1ms)[0m  [1mSELECT  "articles".* FROM "articles"  LIMIT 10 OFFSET 0[0m
  Rendered articles/_table.html.erb (4.4ms)
  Rendered articles/index.html.erb within layouts/application (5.2ms)
Completed 200 OK in 61ms (Views: 60.0ms | ActiveRecord: 0.3ms)


Started GET "/assets/grapple.css?body=1" for 192.168.2.20 at 2015-08-13 19:13:01 -0400


Started GET "/assets/demo.css?body=1" for 192.168.2.20 at 2015-08-13 19:13:01 -0400


Started GET "/assets/jquery.js?body=1" for 192.168.2.20 at 2015-08-13 19:13:01 -0400


Started GET "/assets/jquery_ujs.js?body=1" for 192.168.2.20 at 2015-08-13 19:13:01 -0400


Started GET "/assets/turbolinks.js?body=1" for 192.168.2.20 at 2015-08-13 19:13:01 -0400


Started GET "/assets/application.css?body=1" for 192.168.2.20 at 2015-08-13 19:13:01 -0400


Started GET "/assets/application.js?body=1" for 192.168.2.20 at 2015-08-13 19:13:01 -0400


Started GET "/articles" for 192.168.2.20 at 2015-08-13 19:13:22 -0400
Processing by ArticlesController#index as HTML
  [1m[35m (0.3ms)[0m  SELECT COUNT(*) FROM "articles"
  [1m[36mArticle Load (0.5ms)[0m  [1mSELECT  "articles".* FROM "articles"  LIMIT 10 OFFSET 0[0m
  Rendered articles/_table.html.erb (13.2ms)
  Rendered articles/index.html.erb within layouts/application (16.2ms)
Completed 200 OK in 72ms (Views: 69.0ms | ActiveRecord: 0.8ms)


Started GET "/assets/grapple.css?body=1" for 192.168.2.20 at 2015-08-13 19:13:22 -0400


Started GET "/assets/demo.css?body=1" for 192.168.2.20 at 2015-08-13 19:13:22 -0400


Started GET "/assets/jquery.js?body=1" for 192.168.2.20 at 2015-08-13 19:13:22 -0400


Started GET "/assets/jquery_ujs.js?body=1" for 192.168.2.20 at 2015-08-13 19:13:22 -0400


Started GET "/assets/turbolinks.js?body=1" for 192.168.2.20 at 2015-08-13 19:13:22 -0400


Started GET "/assets/application.css?body=1" for 192.168.2.20 at 2015-08-13 19:13:22 -0400


Started GET "/assets/application.js?body=1" for 192.168.2.20 at 2015-08-13 19:13:22 -0400


Started GET "/articles" for 192.168.2.20 at 2015-08-13 19:13:35 -0400
Processing by ArticlesController#index as HTML
  [1m[35m (0.2ms)[0m  SELECT COUNT(*) FROM "articles"
  [1m[36mArticle Load (0.1ms)[0m  [1mSELECT  "articles".* FROM "articles"  LIMIT 10 OFFSET 0[0m
  Rendered articles/_table.html.erb (7.9ms)
  Rendered articles/index.html.erb within layouts/application (8.6ms)
Completed 200 OK in 63ms (Views: 60.3ms | ActiveRecord: 0.4ms)


Started GET "/assets/grapple.css?body=1" for 192.168.2.20 at 2015-08-13 19:13:35 -0400


Started GET "/assets/demo.css?body=1" for 192.168.2.20 at 2015-08-13 19:13:35 -0400


Started GET "/assets/turbolinks.js?body=1" for 192.168.2.20 at 2015-08-13 19:13:35 -0400


Started GET "/assets/jquery_ujs.js?body=1" for 192.168.2.20 at 2015-08-13 19:13:35 -0400


Started GET "/assets/jquery.js?body=1" for 192.168.2.20 at 2015-08-13 19:13:35 -0400


Started GET "/assets/application.css?body=1" for 192.168.2.20 at 2015-08-13 19:13:35 -0400


Started GET "/assets/application.js?body=1" for 192.168.2.20 at 2015-08-13 19:13:35 -0400


Started GET "/" for 192.168.2.20 at 2015-08-13 19:25:42 -0400
  [1m[36mActiveRecord::SchemaMigration Load (0.1ms)[0m  [1mSELECT "schema_migrations".* FROM "schema_migrations"[0m
Processing by HomeController#index as HTML
  Rendered home/index.html.erb within layouts/application (2.3ms)
Completed 200 OK in 696ms (Views: 677.5ms | ActiveRecord: 0.0ms)


Started GET "/assets/demo.self.css?body=1" for 192.168.2.20 at 2015-08-13 19:25:43 -0400


Started GET "/assets/turbolinks.self.js?body=1" for 192.168.2.20 at 2015-08-13 19:25:43 -0400


Started GET "/assets/jquery.self.js?body=1" for 192.168.2.20 at 2015-08-13 19:25:43 -0400


Started GET "/assets/application.self.css?body=1" for 192.168.2.20 at 2015-08-13 19:25:43 -0400


Started GET "/assets/grapple.self.css?body=1" for 192.168.2.20 at 2015-08-13 19:25:43 -0400


Started GET "/assets/jquery_ujs.self.js?body=1" for 192.168.2.20 at 2015-08-13 19:25:43 -0400


Started GET "/assets/application.self.js?body=1" for 192.168.2.20 at 2015-08-13 19:25:43 -0400


Started GET "/articles" for 192.168.2.20 at 2015-08-13 19:27:59 -0400
Processing by ArticlesController#index as HTML
  [1m[35m (0.1ms)[0m  SELECT COUNT(*) FROM "articles"
  [1m[36mArticle Load (0.3ms)[0m  [1mSELECT  "articles".* FROM "articles"  LIMIT 10 OFFSET 0[0m
  Rendered articles/_table.html.erb (21.6ms)
  Rendered articles/index.html.erb within layouts/application (26.0ms)
Completed 200 OK in 63ms (Views: 55.7ms | ActiveRecord: 1.6ms)


Started GET "/" for 192.168.2.20 at 2015-08-13 19:29:11 -0400
Processing by HomeController#index as HTML
  Rendered home/index.html.erb within layouts/application (1.2ms)
Completed 200 OK in 49ms (Views: 44.8ms | ActiveRecord: 0.0ms)


Started GET "/assets/application.self.css?body=1" for 192.168.2.20 at 2015-08-13 19:29:11 -0400


Started GET "/assets/grapple.self.css?body=1" for 192.168.2.20 at 2015-08-13 19:29:11 -0400


Started GET "/assets/application.self.js?body=1" for 192.168.2.20 at 2015-08-13 19:29:11 -0400


Started GET "/assets/jquery_ujs.self.js?body=1" for 192.168.2.20 at 2015-08-13 19:29:11 -0400


Started GET "/assets/jquery.self.js?body=1" for 192.168.2.20 at 2015-08-13 19:29:11 -0400


Started GET "/assets/demo.self.css?body=1" for 192.168.2.20 at 2015-08-13 19:29:11 -0400


Started GET "/assets/turbolinks.self.js?body=1" for 192.168.2.20 at 2015-08-13 19:29:11 -0400
  [1m[36mActiveRecord::SchemaMigration Load (0.2ms)[0m  [1mSELECT "schema_migrations".* FROM "schema_migrations"[0m
Migrating to CreateZipCodes (20150814031935)
  [1m[35m (0.1ms)[0m  begin transaction
  [1m[36m (0.6ms)[0m  [1mCREATE TABLE "zip_codes" ("id" INTEGER PRIMARY KEY AUTOINCREMENT NOT NULL, "zip" varchar(255) NOT NULL, "city" varchar(255), "county" varchar(255), "state_id" integer NOT NULL, "latitude" decimal, "longitude" decimal, "created_at" datetime, "updated_at" datetime) [0m
  [1m[35m (0.1ms)[0m  select sqlite_version(*)
  [1m[36m (2.3ms)[0m  [1mCREATE UNIQUE INDEX "index_zip_codes_on_zip" ON "zip_codes" ("zip")[0m
  [1m[35mSQL (0.3ms)[0m  INSERT INTO "schema_migrations" ("version") VALUES (?)  [["version", "20150814031935"]]
  [1m[36m (37.3ms)[0m  [1mcommit transaction[0m
Migrating to CreateStates (20150814032024)
  [1m[35m (0.1ms)[0m  begin transaction
  [1m[36m (0.4ms)[0m  [1mCREATE TABLE "states" ("id" INTEGER PRIMARY KEY AUTOINCREMENT NOT NULL, "name" varchar(255) NOT NULL, "code" varchar(255) NOT NULL, "created_at" datetime, "updated_at" datetime) [0m
  [1m[35m (0.4ms)[0m  CREATE UNIQUE INDEX "index_states_on_name" ON "states" ("name")
  [1m[36m (0.1ms)[0m  [1m            SELECT sql
            FROM sqlite_master
            WHERE name='index_states_on_name' AND type='index'
            UNION ALL
            SELECT sql
            FROM sqlite_temp_master
            WHERE name='index_states_on_name' AND type='index'
[0m
  [1m[35m (0.1ms)[0m  CREATE UNIQUE INDEX "index_states_on_code" ON "states" ("code")
  [1m[36mSQL (0.3ms)[0m  [1mINSERT INTO "schema_migrations" ("version") VALUES (?)[0m  [["version", "20150814032024"]]
  [1m[35m (7.9ms)[0m  commit transaction
  [1m[36mActiveRecord::SchemaMigration Load (0.1ms)[0m  [1mSELECT "schema_migrations".* FROM "schema_migrations"[0m
  [1m[35m (0.1ms)[0m              SELECT sql
            FROM sqlite_master
            WHERE name='index_comments_on_article_id' AND type='index'
            UNION ALL
            SELECT sql
            FROM sqlite_temp_master
            WHERE name='index_comments_on_article_id' AND type='index'

  [1m[36m (0.1ms)[0m  [1m            SELECT sql
            FROM sqlite_master
            WHERE name='index_states_on_code' AND type='index'
            UNION ALL
            SELECT sql
            FROM sqlite_temp_master
            WHERE name='index_states_on_code' AND type='index'
[0m
  [1m[35m (0.1ms)[0m              SELECT sql
            FROM sqlite_master
            WHERE name='index_states_on_name' AND type='index'
            UNION ALL
            SELECT sql
            FROM sqlite_temp_master
            WHERE name='index_states_on_name' AND type='index'

  [1m[36m (0.1ms)[0m  [1m            SELECT sql
            FROM sqlite_master
            WHERE name='index_zip_codes_on_zip' AND type='index'
            UNION ALL
            SELECT sql
            FROM sqlite_temp_master
            WHERE name='index_zip_codes_on_zip' AND type='index'
[0m
  [1m[36mActiveRecord::SchemaMigration Load (0.2ms)[0m  [1mSELECT "schema_migrations".* FROM "schema_migrations"[0m
  [1m[35mActiveRecord::SchemaMigration Load (0.1ms)[0m  SELECT "schema_migrations".* FROM "schema_migrations"
  [1m[36m (0.1ms)[0m  [1m            SELECT sql
            FROM sqlite_master
            WHERE name='index_comments_on_article_id' AND type='index'
            UNION ALL
            SELECT sql
            FROM sqlite_temp_master
            WHERE name='index_comments_on_article_id' AND type='index'
[0m
  [1m[35m (0.1ms)[0m              SELECT sql
            FROM sqlite_master
            WHERE name='index_states_on_code' AND type='index'
            UNION ALL
            SELECT sql
            FROM sqlite_temp_master
            WHERE name='index_states_on_code' AND type='index'

  [1m[36m (0.1ms)[0m  [1m            SELECT sql
            FROM sqlite_master
            WHERE name='index_states_on_name' AND type='index'
            UNION ALL
            SELECT sql
            FROM sqlite_temp_master
            WHERE name='index_states_on_name' AND type='index'
[0m
  [1m[35m (0.1ms)[0m              SELECT sql
            FROM sqlite_master
            WHERE name='index_zip_codes_on_zip' AND type='index'
            UNION ALL
            SELECT sql
            FROM sqlite_temp_master
            WHERE name='index_zip_codes_on_zip' AND type='index'

